W0218 23:57:23.780000 4063114 site-packages/torch/distributed/run.py:792] 
W0218 23:57:23.780000 4063114 site-packages/torch/distributed/run.py:792] *****************************************
W0218 23:57:23.780000 4063114 site-packages/torch/distributed/run.py:792] Setting OMP_NUM_THREADS environment variable for each process to be 1 in default, to avoid your system being overloaded, please further tune the variable for optimal performance in your application as needed. 
W0218 23:57:23.780000 4063114 site-packages/torch/distributed/run.py:792] *****************************************
/home/vo43/.conda/envs/cartridges/bin/python3.12: can't open file '/home/vo43/cartridges/examples/qasper/examples/arxiv/arxiv_train.py': [Errno 2] No such file or directory
/home/vo43/.conda/envs/cartridges/bin/python3.12: can't open file '/home/vo43/cartridges/examples/qasper/examples/arxiv/arxiv_train.py': [Errno 2] No such file or directory
E0218 23:57:23.934000 4063114 site-packages/torch/distributed/elastic/multiprocessing/api.py:869] failed (exitcode: 2) local_rank: 0 (pid: 4063142) of binary: /home/vo43/.conda/envs/cartridges/bin/python3.12
Traceback (most recent call last):
  File "/home/vo43/.conda/envs/cartridges/bin/torchrun", line 7, in <module>
    sys.exit(main())
             ^^^^^^
  File "/home/vo43/.conda/envs/cartridges/lib/python3.12/site-packages/torch/distributed/elastic/multiprocessing/errors/__init__.py", line 355, in wrapper
    return f(*args, **kwargs)
           ^^^^^^^^^^^^^^^^^^
  File "/home/vo43/.conda/envs/cartridges/lib/python3.12/site-packages/torch/distributed/run.py", line 918, in main
    run(args)
  File "/home/vo43/.conda/envs/cartridges/lib/python3.12/site-packages/torch/distributed/run.py", line 909, in run
    elastic_launch(
  File "/home/vo43/.conda/envs/cartridges/lib/python3.12/site-packages/torch/distributed/launcher/api.py", line 138, in __call__
    return launch_agent(self._config, self._entrypoint, list(args))
           ^^^^^^^^^^^^^^^^^^^^^^^^^^^^^^^^^^^^^^^^^^^^^^^^^^^^^^^^
  File "/home/vo43/.conda/envs/cartridges/lib/python3.12/site-packages/torch/distributed/launcher/api.py", line 269, in launch_agent
    raise ChildFailedError(
torch.distributed.elastic.multiprocessing.errors.ChildFailedError: 
============================================================
examples/arxiv/arxiv_train.py FAILED
------------------------------------------------------------
Failures:
[1]:
  time      : 2026-02-18_23:57:23
  host      : scholar-j002.rcac.purdue.edu
  rank      : 1 (local_rank: 1)
  exitcode  : 2 (pid: 4063143)
  error_file: <N/A>
  traceback : To enable traceback see: https://pytorch.org/docs/stable/elastic/errors.html
------------------------------------------------------------
Root Cause (first observed failure):
[0]:
  time      : 2026-02-18_23:57:23
  host      : scholar-j002.rcac.purdue.edu
  rank      : 0 (local_rank: 0)
  exitcode  : 2 (pid: 4063142)
  error_file: <N/A>
  traceback : To enable traceback see: https://pytorch.org/docs/stable/elastic/errors.html
============================================================
