Checking GPU settings...
Wed Feb 18 23:57:20 2026       
+-----------------------------------------------------------------------------------------+
| NVIDIA-SMI 575.57.08              Driver Version: 575.57.08      CUDA Version: 12.9     |
|-----------------------------------------+------------------------+----------------------+
| GPU  Name                 Persistence-M | Bus-Id          Disp.A | Volatile Uncorr. ECC |
| Fan  Temp   Perf          Pwr:Usage/Cap |           Memory-Usage | GPU-Util  Compute M. |
|                                         |                        |               MIG M. |
|=========================================+========================+======================|
|   0  NVIDIA A40                     Off |   00000000:3B:00.0 Off |                    0 |
|  0%   40C    P8             22W /  300W |       0MiB /  46068MiB |      0%      Default |
|                                         |                        |                  N/A |
+-----------------------------------------+------------------------+----------------------+
|   1  NVIDIA A40                     Off |   00000000:AF:00.0 Off |                    0 |
|  0%   39C    P8             26W /  300W |       0MiB /  46068MiB |      0%      Default |
|                                         |                        |                  N/A |
+-----------------------------------------+------------------------+----------------------+
                                                                                         
+-----------------------------------------------------------------------------------------+
| Processes:                                                                              |
|  GPU   GI   CI              PID   Type   Process name                        GPU Memory |
|        ID   ID                                                               Usage      |
|=========================================================================================|
|  No running processes found                                                             |
+-----------------------------------------------------------------------------------------+
JobID=423029
Partition=scholar-gpu
NodeList=scholar-j002
   Priority=116689 Nice=0 Account=gpu QOS=normal
   Partition=scholar-gpu AllocNode:Sid=scholar-fe01:1532182
   ReqTRES=cpu=4,mem=128G,node=1,billing=4,gres/gpu=2
   AllocTRES=cpu=12,mem=128G,node=1,billing=12,gres/gpu=2
